{"/Users/jeremias/Projects/Private/fhv-test-ci-cd/ci-cd-demo/src/app.ts": {"path":"/Users/jeremias/Projects/Private/fhv-test-ci-cd/ci-cd-demo/src/app.ts","statementMap":{"0":{"start":{"line":1,"column":0},"end":{"line":1,"column":48}},"1":{"start":{"line":2,"column":0},"end":{"line":2,"column":44}},"2":{"start":{"line":6,"column":20},"end":{"line":6,"column":59}},"3":{"start":{"line":7,"column":2},"end":{"line":7,"column":null}},"4":{"start":{"line":12,"column":21},"end":{"line":12,"column":46}},"5":{"start":{"line":13,"column":2},"end":{"line":13,"column":null}},"6":{"start":{"line":16,"column":2},"end":{"line":20,"column":null}},"7":{"start":{"line":16,"column":34},"end":{"line":20,"column":4}},"8":{"start":{"line":17,"column":4},"end":{"line":17,"column":null}},"9":{"start":{"line":18,"column":4},"end":{"line":18,"column":null}},"10":{"start":{"line":19,"column":4},"end":{"line":19,"column":null}},"11":{"start":{"line":4,"column":0},"end":{"line":4,"column":24}}},"fnMap":{"0":{"name":"app","decl":{"start":{"line":4,"column":24},"end":{"line":4,"column":27}},"loc":{"start":{"line":4,"column":27},"end":{"line":21,"column":1}}},"1":{"name":"(anonymous_8)","decl":{"start":{"line":16,"column":23},"end":{"line":16,"column":32}},"loc":{"start":{"line":16,"column":34},"end":{"line":20,"column":4}}},"2":{"name":"(anonymous_9)","decl":{"start":{"line":16,"column":34},"end":{"line":16,"column":null}},"loc":{"start":{"line":16,"column":34},"end":{"line":20,"column":3}}}},"branchMap":{},"s":{"0":1,"1":1,"2":3,"3":3,"4":3,"5":3,"6":3,"7":1,"8":1,"9":1,"10":1,"11":1},"f":{"0":3,"1":1,"2":1},"b":{}}
,"/Users/jeremias/Projects/Private/fhv-test-ci-cd/ci-cd-demo/src/services/dbService.ts": {"path":"/Users/jeremias/Projects/Private/fhv-test-ci-cd/ci-cd-demo/src/services/dbService.ts","statementMap":{"0":{"start":{"line":1,"column":0},"end":{"line":1,"column":29}},"1":{"start":{"line":2,"column":0},"end":{"line":2,"column":39}},"2":{"start":{"line":13,"column":22},"end":{"line":13,"column":36}},"3":{"start":{"line":11,"column":10},"end":{"line":11,"column":null}},"4":{"start":{"line":16,"column":4},"end":{"line":33,"column":null}},"5":{"start":{"line":18,"column":6},"end":{"line":21,"column":null}},"6":{"start":{"line":24,"column":6},"end":{"line":30,"column":null}},"7":{"start":{"line":32,"column":6},"end":{"line":32,"column":null}},"8":{"start":{"line":37,"column":4},"end":{"line":40,"column":null}},"9":{"start":{"line":38,"column":6},"end":{"line":38,"column":null}},"10":{"start":{"line":39,"column":6},"end":{"line":39,"column":null}},"11":{"start":{"line":44,"column":4},"end":{"line":46,"column":null}},"12":{"start":{"line":45,"column":6},"end":{"line":45,"column":null}},"13":{"start":{"line":47,"column":4},"end":{"line":47,"column":null}},"14":{"start":{"line":51,"column":4},"end":{"line":53,"column":null}},"15":{"start":{"line":52,"column":6},"end":{"line":52,"column":null}},"16":{"start":{"line":54,"column":4},"end":{"line":54,"column":null}},"17":{"start":{"line":58,"column":4},"end":{"line":60,"column":null}},"18":{"start":{"line":59,"column":6},"end":{"line":59,"column":null}},"19":{"start":{"line":61,"column":4},"end":{"line":61,"column":null}},"20":{"start":{"line":67,"column":4},"end":{"line":67,"column":null}},"21":{"start":{"line":71,"column":19},"end":{"line":73,"column":null}},"22":{"start":{"line":76,"column":15},"end":{"line":76,"column":28}},"23":{"start":{"line":77,"column":4},"end":{"line":77,"column":26}},"24":{"start":{"line":81,"column":4},"end":{"line":85,"column":null}},"25":{"start":{"line":87,"column":4},"end":{"line":87,"column":40}},"26":{"start":{"line":91,"column":4},"end":{"line":91,"column":null}},"27":{"start":{"line":95,"column":17},"end":{"line":95,"column":73}},"28":{"start":{"line":96,"column":4},"end":{"line":96,"column":null}},"29":{"start":{"line":10,"column":0},"end":{"line":10,"column":13}}},"fnMap":{"0":{"name":"(anonymous_8)","decl":{"start":{"line":13,"column":2},"end":{"line":13,"column":22}},"loc":{"start":{"line":13,"column":36},"end":{"line":13,"column":40}}},"1":{"name":"(anonymous_9)","decl":{"start":{"line":15,"column":8},"end":{"line":15,"column":15}},"loc":{"start":{"line":15,"column":15},"end":{"line":34,"column":null}}},"2":{"name":"(anonymous_11)","decl":{"start":{"line":36,"column":8},"end":{"line":36,"column":13}},"loc":{"start":{"line":36,"column":13},"end":{"line":41,"column":null}}},"3":{"name":"(anonymous_13)","decl":{"start":{"line":43,"column":8},"end":{"line":43,"column":11}},"loc":{"start":{"line":43,"column":45},"end":{"line":48,"column":null}}},"4":{"name":"(anonymous_15)","decl":{"start":{"line":50,"column":8},"end":{"line":50,"column":11}},"loc":{"start":{"line":50,"column":45},"end":{"line":55,"column":null}}},"5":{"name":"(anonymous_17)","decl":{"start":{"line":57,"column":8},"end":{"line":57,"column":11}},"loc":{"start":{"line":57,"column":45},"end":{"line":62,"column":null}}},"6":{"name":"(anonymous_19)","decl":{"start":{"line":66,"column":8},"end":{"line":66,"column":19}},"loc":{"start":{"line":66,"column":19},"end":{"line":68,"column":null}}},"7":{"name":"(anonymous_21)","decl":{"start":{"line":70,"column":8},"end":{"line":70,"column":18}},"loc":{"start":{"line":70,"column":29},"end":{"line":78,"column":null}}},"8":{"name":"(anonymous_23)","decl":{"start":{"line":80,"column":8},"end":{"line":80,"column":18}},"loc":{"start":{"line":80,"column":41},"end":{"line":88,"column":null}}},"9":{"name":"(anonymous_25)","decl":{"start":{"line":90,"column":8},"end":{"line":90,"column":18}},"loc":{"start":{"line":90,"column":29},"end":{"line":92,"column":null}}},"10":{"name":"(anonymous_27)","decl":{"start":{"line":94,"column":8},"end":{"line":94,"column":19}},"loc":{"start":{"line":94,"column":30},"end":{"line":97,"column":null}}}},"branchMap":{"0":{"loc":{"start":{"line":37,"column":4},"end":{"line":40,"column":null}},"type":"if","locations":[{"start":{"line":37,"column":4},"end":{"line":40,"column":null}}]},"1":{"loc":{"start":{"line":43,"column":27},"end":{"line":43,"column":45}},"type":"default-arg","locations":[{"start":{"line":43,"column":43},"end":{"line":43,"column":45}}]},"2":{"loc":{"start":{"line":44,"column":4},"end":{"line":46,"column":null}},"type":"if","locations":[{"start":{"line":44,"column":4},"end":{"line":46,"column":null}}]},"3":{"loc":{"start":{"line":50,"column":27},"end":{"line":50,"column":45}},"type":"default-arg","locations":[{"start":{"line":50,"column":43},"end":{"line":50,"column":45}}]},"4":{"loc":{"start":{"line":51,"column":4},"end":{"line":53,"column":null}},"type":"if","locations":[{"start":{"line":51,"column":4},"end":{"line":53,"column":null}}]},"5":{"loc":{"start":{"line":57,"column":27},"end":{"line":57,"column":45}},"type":"default-arg","locations":[{"start":{"line":57,"column":43},"end":{"line":57,"column":45}}]},"6":{"loc":{"start":{"line":58,"column":4},"end":{"line":60,"column":null}},"type":"if","locations":[{"start":{"line":58,"column":4},"end":{"line":60,"column":null}}]}},"s":{"0":2,"1":2,"2":7,"3":7,"4":7,"5":7,"6":6,"7":1,"8":4,"9":3,"10":3,"11":22,"12":0,"13":22,"14":0,"15":0,"16":0,"17":7,"18":0,"19":7,"20":4,"21":5,"22":5,"23":5,"24":2,"25":2,"26":2,"27":0,"28":0,"29":2},"f":{"0":7,"1":7,"2":4,"3":22,"4":0,"5":7,"6":4,"7":5,"8":2,"9":2,"10":0},"b":{"0":[3],"1":[13],"2":[0],"3":[0],"4":[0],"5":[3],"6":[0]}}
,"/Users/jeremias/Projects/Private/fhv-test-ci-cd/ci-cd-demo/src/ui/terminalUI.ts": {"path":"/Users/jeremias/Projects/Private/fhv-test-ci-cd/ci-cd-demo/src/ui/terminalUI.ts","statementMap":{"0":{"start":{"line":1,"column":0},"end":{"line":1,"column":31}},"1":{"start":{"line":9,"column":4},"end":{"line":9,"column":null}},"2":{"start":{"line":10,"column":4},"end":{"line":13,"column":null}},"3":{"start":{"line":17,"column":4},"end":{"line":17,"column":null}},"4":{"start":{"line":18,"column":4},"end":{"line":18,"column":null}},"5":{"start":{"line":22,"column":4},"end":{"line":22,"column":null}},"6":{"start":{"line":23,"column":4},"end":{"line":23,"column":null}},"7":{"start":{"line":24,"column":4},"end":{"line":24,"column":null}},"8":{"start":{"line":25,"column":4},"end":{"line":25,"column":null}},"9":{"start":{"line":26,"column":4},"end":{"line":26,"column":null}},"10":{"start":{"line":27,"column":4},"end":{"line":27,"column":null}},"11":{"start":{"line":29,"column":4},"end":{"line":52,"column":null}},"12":{"start":{"line":30,"column":6},"end":{"line":51,"column":null}},"13":{"start":{"line":32,"column":10},"end":{"line":32,"column":null}},"14":{"start":{"line":33,"column":10},"end":{"line":33,"column":15}},"15":{"start":{"line":35,"column":10},"end":{"line":35,"column":null}},"16":{"start":{"line":36,"column":10},"end":{"line":36,"column":15}},"17":{"start":{"line":38,"column":10},"end":{"line":38,"column":null}},"18":{"start":{"line":39,"column":10},"end":{"line":39,"column":15}},"19":{"start":{"line":41,"column":10},"end":{"line":41,"column":null}},"20":{"start":{"line":42,"column":10},"end":{"line":42,"column":15}},"21":{"start":{"line":44,"column":10},"end":{"line":44,"column":null}},"22":{"start":{"line":45,"column":10},"end":{"line":45,"column":null}},"23":{"start":{"line":46,"column":10},"end":{"line":46,"column":null}},"24":{"start":{"line":47,"column":10},"end":{"line":47,"column":15}},"25":{"start":{"line":49,"column":10},"end":{"line":49,"column":null}},"26":{"start":{"line":50,"column":10},"end":{"line":50,"column":null}},"27":{"start":{"line":56,"column":4},"end":{"line":73,"column":null}},"28":{"start":{"line":57,"column":20},"end":{"line":57,"column":54}},"29":{"start":{"line":59,"column":6},"end":{"line":59,"column":null}},"30":{"start":{"line":60,"column":6},"end":{"line":68,"column":null}},"31":{"start":{"line":61,"column":8},"end":{"line":61,"column":null}},"32":{"start":{"line":63,"column":8},"end":{"line":67,"column":null}},"33":{"start":{"line":64,"column":10},"end":{"line":66,"column":null}},"34":{"start":{"line":69,"column":6},"end":{"line":69,"column":null}},"35":{"start":{"line":71,"column":6},"end":{"line":71,"column":null}},"36":{"start":{"line":72,"column":6},"end":{"line":72,"column":null}},"37":{"start":{"line":77,"column":4},"end":{"line":88,"column":null}},"38":{"start":{"line":78,"column":6},"end":{"line":87,"column":null}},"39":{"start":{"line":78,"column":73},"end":{"line":87,"column":8}},"40":{"start":{"line":79,"column":8},"end":{"line":86,"column":null}},"41":{"start":{"line":80,"column":26},"end":{"line":80,"column":80}},"42":{"start":{"line":81,"column":10},"end":{"line":81,"column":null}},"43":{"start":{"line":82,"column":10},"end":{"line":82,"column":null}},"44":{"start":{"line":84,"column":10},"end":{"line":84,"column":null}},"45":{"start":{"line":85,"column":10},"end":{"line":85,"column":null}},"46":{"start":{"line":92,"column":4},"end":{"line":132,"column":null}},"47":{"start":{"line":92,"column":63},"end":{"line":132,"column":6}},"48":{"start":{"line":93,"column":6},"end":{"line":131,"column":null}},"49":{"start":{"line":94,"column":22},"end":{"line":94,"column":56}},"50":{"start":{"line":95,"column":21},"end":{"line":95,"column":61}},"51":{"start":{"line":95,"column":39},"end":{"line":95,"column":60}},"52":{"start":{"line":97,"column":8},"end":{"line":101,"column":null}},"53":{"start":{"line":98,"column":10},"end":{"line":98,"column":null}},"54":{"start":{"line":99,"column":10},"end":{"line":99,"column":null}},"55":{"start":{"line":100,"column":10},"end":{"line":100,"column":16}},"56":{"start":{"line":103,"column":8},"end":{"line":105,"column":null}},"57":{"start":{"line":107,"column":8},"end":{"line":127,"column":null}},"58":{"start":{"line":110,"column":12},"end":{"line":125,"column":null}},"59":{"start":{"line":112,"column":36},"end":{"line":124,"column":null}},"60":{"start":{"line":113,"column":16},"end":{"line":123,"column":null}},"61":{"start":{"line":114,"column":18},"end":{"line":117,"column":null}},"62":{"start":{"line":118,"column":18},"end":{"line":118,"column":null}},"63":{"start":{"line":119,"column":18},"end":{"line":119,"column":null}},"64":{"start":{"line":121,"column":18},"end":{"line":121,"column":null}},"65":{"start":{"line":122,"column":18},"end":{"line":122,"column":null}},"66":{"start":{"line":129,"column":8},"end":{"line":129,"column":null}},"67":{"start":{"line":130,"column":8},"end":{"line":130,"column":null}},"68":{"start":{"line":136,"column":4},"end":{"line":145,"column":null}},"69":{"start":{"line":136,"column":63},"end":{"line":145,"column":6}},"70":{"start":{"line":137,"column":6},"end":{"line":144,"column":null}},"71":{"start":{"line":138,"column":8},"end":{"line":138,"column":null}},"72":{"start":{"line":139,"column":8},"end":{"line":139,"column":null}},"73":{"start":{"line":140,"column":8},"end":{"line":140,"column":null}},"74":{"start":{"line":142,"column":8},"end":{"line":142,"column":null}},"75":{"start":{"line":143,"column":8},"end":{"line":143,"column":null}},"76":{"start":{"line":4,"column":0},"end":{"line":4,"column":13}}},"fnMap":{"0":{"name":"(anonymous_8)","decl":{"start":{"line":8,"column":2},"end":{"line":8,"column":14}},"loc":{"start":{"line":8,"column":34},"end":{"line":14,"column":3}}},"1":{"name":"(anonymous_9)","decl":{"start":{"line":16,"column":9},"end":{"line":16,"column":14}},"loc":{"start":{"line":16,"column":14},"end":{"line":19,"column":3}}},"2":{"name":"(anonymous_10)","decl":{"start":{"line":21,"column":10},"end":{"line":21,"column":22}},"loc":{"start":{"line":21,"column":22},"end":{"line":53,"column":3}}},"3":{"name":"(anonymous_11)","decl":{"start":{"line":29,"column":49},"end":{"line":29,"column":50}},"loc":{"start":{"line":29,"column":60},"end":{"line":52,"column":5}}},"4":{"name":"(anonymous_12)","decl":{"start":{"line":55,"column":16},"end":{"line":55,"column":25}},"loc":{"start":{"line":55,"column":25},"end":{"line":74,"column":null}}},"5":{"name":"(anonymous_14)","decl":{"start":{"line":63,"column":22},"end":{"line":63,"column":23}},"loc":{"start":{"line":63,"column":31},"end":{"line":67,"column":9}}},"6":{"name":"(anonymous_15)","decl":{"start":{"line":76,"column":10},"end":{"line":76,"column":17}},"loc":{"start":{"line":76,"column":17},"end":{"line":89,"column":3}}},"7":{"name":"(anonymous_16)","decl":{"start":{"line":77,"column":42},"end":{"line":77,"column":43}},"loc":{"start":{"line":77,"column":51},"end":{"line":88,"column":5}}},"8":{"name":"(anonymous_17)","decl":{"start":{"line":78,"column":51},"end":{"line":78,"column":58}},"loc":{"start":{"line":78,"column":73},"end":{"line":87,"column":8}}},"9":{"name":"(anonymous_18)","decl":{"start":{"line":78,"column":73},"end":{"line":78,"column":null}},"loc":{"start":{"line":78,"column":73},"end":{"line":87,"column":7}}},"10":{"name":"(anonymous_19)","decl":{"start":{"line":91,"column":10},"end":{"line":91,"column":20}},"loc":{"start":{"line":91,"column":20},"end":{"line":133,"column":3}}},"11":{"name":"(anonymous_20)","decl":{"start":{"line":92,"column":50},"end":{"line":92,"column":57}},"loc":{"start":{"line":92,"column":63},"end":{"line":132,"column":6}}},"12":{"name":"(anonymous_21)","decl":{"start":{"line":92,"column":63},"end":{"line":92,"column":null}},"loc":{"start":{"line":92,"column":63},"end":{"line":132,"column":5}}},"13":{"name":"(anonymous_22)","decl":{"start":{"line":95,"column":32},"end":{"line":95,"column":33}},"loc":{"start":{"line":95,"column":39},"end":{"line":95,"column":60}}},"14":{"name":"(anonymous_23)","decl":{"start":{"line":109,"column":10},"end":{"line":109,"column":11}},"loc":{"start":{"line":109,"column":19},"end":{"line":126,"column":11}}},"15":{"name":"(anonymous_24)","decl":{"start":{"line":112,"column":14},"end":{"line":112,"column":21}},"loc":{"start":{"line":112,"column":36},"end":{"line":124,"column":null}}},"16":{"name":"(anonymous_25)","decl":{"start":{"line":112,"column":36},"end":{"line":112,"column":null}},"loc":{"start":{"line":112,"column":36},"end":{"line":124,"column":15}}},"17":{"name":"(anonymous_26)","decl":{"start":{"line":135,"column":10},"end":{"line":135,"column":20}},"loc":{"start":{"line":135,"column":20},"end":{"line":146,"column":3}}},"18":{"name":"(anonymous_27)","decl":{"start":{"line":136,"column":50},"end":{"line":136,"column":57}},"loc":{"start":{"line":136,"column":63},"end":{"line":145,"column":6}}},"19":{"name":"(anonymous_28)","decl":{"start":{"line":136,"column":63},"end":{"line":136,"column":null}},"loc":{"start":{"line":136,"column":63},"end":{"line":145,"column":5}}}},"branchMap":{"0":{"loc":{"start":{"line":30,"column":6},"end":{"line":51,"column":null}},"type":"switch","locations":[{"start":{"line":31,"column":8},"end":{"line":33,"column":15}},{"start":{"line":34,"column":8},"end":{"line":36,"column":15}},{"start":{"line":37,"column":8},"end":{"line":39,"column":15}},{"start":{"line":40,"column":8},"end":{"line":42,"column":15}},{"start":{"line":43,"column":8},"end":{"line":47,"column":15}},{"start":{"line":48,"column":8},"end":{"line":50,"column":null}}]},"1":{"loc":{"start":{"line":60,"column":6},"end":{"line":68,"column":null}},"type":"if","locations":[{"start":{"line":60,"column":6},"end":{"line":68,"column":null}},{"start":{"line":62,"column":13},"end":{"line":68,"column":null}}]},"2":{"loc":{"start":{"line":97,"column":8},"end":{"line":101,"column":null}},"type":"if","locations":[{"start":{"line":97,"column":8},"end":{"line":101,"column":null}}]},"3":{"loc":{"start":{"line":115,"column":26},"end":{"line":115,"column":43}},"type":"binary-expr","locations":[{"start":{"line":115,"column":26},"end":{"line":115,"column":30}},{"start":{"line":115,"column":34},"end":{"line":115,"column":43}}]},"4":{"loc":{"start":{"line":116,"column":33},"end":{"line":116,"column":64}},"type":"binary-expr","locations":[{"start":{"line":116,"column":33},"end":{"line":116,"column":44}},{"start":{"line":116,"column":48},"end":{"line":116,"column":64}}]}},"s":{"0":1,"1":10,"2":10,"3":9,"4":9,"5":16,"6":16,"7":16,"8":16,"9":16,"10":16,"11":16,"12":8,"13":2,"14":2,"15":1,"16":1,"17":2,"18":2,"19":1,"20":1,"21":1,"22":1,"23":1,"24":1,"25":1,"26":1,"27":2,"28":2,"29":2,"30":2,"31":1,"32":1,"33":2,"34":2,"35":0,"36":0,"37":1,"38":1,"39":1,"40":1,"41":1,"42":1,"43":1,"44":0,"45":0,"46":2,"47":2,"48":2,"49":2,"50":2,"51":2,"52":2,"53":0,"54":0,"55":0,"56":2,"57":2,"58":2,"59":2,"60":2,"61":2,"62":2,"63":2,"64":0,"65":0,"66":0,"67":0,"68":1,"69":1,"70":1,"71":1,"72":1,"73":1,"74":0,"75":0,"76":1},"f":{"0":10,"1":9,"2":16,"3":8,"4":2,"5":2,"6":1,"7":1,"8":1,"9":1,"10":2,"11":2,"12":2,"13":2,"14":2,"15":2,"16":2,"17":1,"18":1,"19":1},"b":{"0":[2,1,2,1,1,1],"1":[1,1],"2":[0],"3":[2,1],"4":[2,1]}}
}
