TN:
SF:src/app.ts
FN:4,app
FN:16,(anonymous_8)
FN:16,(anonymous_9)
FNF:3
FNH:3
FNDA:3,app
FNDA:1,(anonymous_8)
FNDA:1,(anonymous_9)
DA:1,1
DA:2,1
DA:4,1
DA:6,3
DA:7,3
DA:12,3
DA:13,3
DA:16,3
DA:17,1
DA:18,1
DA:19,1
LF:11
LH:11
BRF:0
BRH:0
end_of_record
TN:
SF:src/services/dbService.ts
FN:13,(anonymous_8)
FN:15,(anonymous_9)
FN:36,(anonymous_11)
FN:43,(anonymous_13)
FN:50,(anonymous_15)
FN:57,(anonymous_17)
FN:66,(anonymous_19)
FN:70,(anonymous_21)
FN:80,(anonymous_23)
FN:90,(anonymous_25)
FN:94,(anonymous_27)
FNF:11
FNH:9
FNDA:7,(anonymous_8)
FNDA:7,(anonymous_9)
FNDA:4,(anonymous_11)
FNDA:22,(anonymous_13)
FNDA:0,(anonymous_15)
FNDA:7,(anonymous_17)
FNDA:4,(anonymous_19)
FNDA:5,(anonymous_21)
FNDA:2,(anonymous_23)
FNDA:2,(anonymous_25)
FNDA:0,(anonymous_27)
DA:1,2
DA:2,2
DA:10,2
DA:11,7
DA:13,7
DA:16,7
DA:18,7
DA:24,6
DA:32,1
DA:37,4
DA:38,3
DA:39,3
DA:44,22
DA:45,0
DA:47,22
DA:51,0
DA:52,0
DA:54,0
DA:58,7
DA:59,0
DA:61,7
DA:67,4
DA:71,5
DA:76,5
DA:77,5
DA:81,2
DA:87,2
DA:91,2
DA:95,0
DA:96,0
LF:30
LH:23
BRDA:37,0,0,3
BRDA:43,1,0,13
BRDA:44,2,0,0
BRDA:50,3,0,0
BRDA:51,4,0,0
BRDA:57,5,0,3
BRDA:58,6,0,0
BRF:7
BRH:3
end_of_record
TN:
SF:src/ui/terminalUI.ts
FN:8,(anonymous_8)
FN:16,(anonymous_9)
FN:21,(anonymous_10)
FN:29,(anonymous_11)
FN:55,(anonymous_12)
FN:63,(anonymous_14)
FN:76,(anonymous_15)
FN:77,(anonymous_16)
FN:78,(anonymous_17)
FN:78,(anonymous_18)
FN:91,(anonymous_19)
FN:92,(anonymous_20)
FN:92,(anonymous_21)
FN:95,(anonymous_22)
FN:109,(anonymous_23)
FN:112,(anonymous_24)
FN:112,(anonymous_25)
FN:135,(anonymous_26)
FN:136,(anonymous_27)
FN:136,(anonymous_28)
FNF:20
FNH:20
FNDA:10,(anonymous_8)
FNDA:9,(anonymous_9)
FNDA:16,(anonymous_10)
FNDA:8,(anonymous_11)
FNDA:2,(anonymous_12)
FNDA:2,(anonymous_14)
FNDA:1,(anonymous_15)
FNDA:1,(anonymous_16)
FNDA:1,(anonymous_17)
FNDA:1,(anonymous_18)
FNDA:2,(anonymous_19)
FNDA:2,(anonymous_20)
FNDA:2,(anonymous_21)
FNDA:2,(anonymous_22)
FNDA:2,(anonymous_23)
FNDA:2,(anonymous_24)
FNDA:2,(anonymous_25)
FNDA:1,(anonymous_26)
FNDA:1,(anonymous_27)
FNDA:1,(anonymous_28)
DA:1,1
DA:4,1
DA:9,10
DA:10,10
DA:17,9
DA:18,9
DA:22,16
DA:23,16
DA:24,16
DA:25,16
DA:26,16
DA:27,16
DA:29,16
DA:30,8
DA:32,2
DA:33,2
DA:35,1
DA:36,1
DA:38,2
DA:39,2
DA:41,1
DA:42,1
DA:44,1
DA:45,1
DA:46,1
DA:47,1
DA:49,1
DA:50,1
DA:56,2
DA:57,2
DA:59,2
DA:60,2
DA:61,1
DA:63,1
DA:64,2
DA:69,2
DA:71,0
DA:72,0
DA:77,1
DA:78,1
DA:79,1
DA:80,1
DA:81,1
DA:82,1
DA:84,0
DA:85,0
DA:92,2
DA:93,2
DA:94,2
DA:95,2
DA:97,2
DA:98,0
DA:99,0
DA:100,0
DA:103,2
DA:107,2
DA:110,2
DA:112,2
DA:113,2
DA:114,2
DA:118,2
DA:119,2
DA:121,0
DA:122,0
DA:129,0
DA:130,0
DA:136,1
DA:137,1
DA:138,1
DA:139,1
DA:140,1
DA:142,0
DA:143,0
LF:73
LH:60
BRDA:30,0,0,2
BRDA:30,0,1,1
BRDA:30,0,2,2
BRDA:30,0,3,1
BRDA:30,0,4,1
BRDA:30,0,5,1
BRDA:60,1,0,1
BRDA:60,1,1,1
BRDA:97,2,0,0
BRDA:115,3,0,2
BRDA:115,3,1,1
BRDA:116,4,0,2
BRDA:116,4,1,1
BRF:13
BRH:12
end_of_record
